
-------------------------------------------------------------------------------
Parsing project file - D:\pinhead\sample_project.xml
Mod Data Directory = D:/pinhead/

Creating new item...
........Created

-------------------------------------------------------------------------------
Processing Map Files files...

-------------------------------------------------------------------------------
Running Localization...
Parsing localization/pinhead.string_table.xml

Building Languages
Exporting .loc files

-------------------------------------------------------------------------------
Searching for preview icon file D:/pinhead/preview_icon.png...FOUND!
<UploadMode> - Set to direct_upload


-------------------------------------------------------------------------------
Modded files...

heroes/pinhead/pinhead_A/anim/pinhead.sprite.afflicted.png
heroes/pinhead/pinhead_A/anim/pinhead.sprite.attack_heal.png
heroes/pinhead/pinhead_A/anim/pinhead.sprite.attack_melee.png
heroes/pinhead/pinhead_A/anim/pinhead.sprite.attack_point.png
heroes/pinhead/pinhead_A/anim/pinhead.sprite.attack_ranged.png
heroes/pinhead/pinhead_A/anim/pinhead.sprite.attack_skull.png
heroes/pinhead/pinhead_A/anim/pinhead.sprite.camp.png
heroes/pinhead/pinhead_A/anim/pinhead.sprite.combat.png
heroes/pinhead/pinhead_A/anim/pinhead.sprite.defend.png
heroes/pinhead/pinhead_A/anim/pinhead.sprite.heroic.png
heroes/pinhead/pinhead_A/anim/pinhead.sprite.idle.png
heroes/pinhead/pinhead_A/anim/pinhead.sprite.investigate.png
heroes/pinhead/pinhead_A/anim/pinhead.sprite.walk.png
campaign/town/town_event/town_event.image.idle_resolve_level_pinhead.png
campaign/town/town_event/town_event.image.pinhead_recruit.png
heroes/pinhead/anim/pinhead.sprite.afflicted.atlas
heroes/pinhead/anim/pinhead.sprite.afflicted.skel
heroes/pinhead/anim/pinhead.sprite.attack_heal.atlas
heroes/pinhead/anim/pinhead.sprite.attack_heal.skel
heroes/pinhead/anim/pinhead.sprite.attack_melee.atlas
heroes/pinhead/anim/pinhead.sprite.attack_melee.skel
heroes/pinhead/anim/pinhead.sprite.attack_point.atlas
heroes/pinhead/anim/pinhead.sprite.attack_point.skel
heroes/pinhead/anim/pinhead.sprite.attack_ranged.atlas
heroes/pinhead/anim/pinhead.sprite.attack_ranged.skel
heroes/pinhead/anim/pinhead.sprite.attack_skull.atlas
heroes/pinhead/anim/pinhead.sprite.attack_skull.skel
heroes/pinhead/anim/pinhead.sprite.camp.atlas
heroes/pinhead/anim/pinhead.sprite.camp.skel
heroes/pinhead/anim/pinhead.sprite.combat.atlas
heroes/pinhead/anim/pinhead.sprite.combat.skel
heroes/pinhead/anim/pinhead.sprite.defend.atlas
heroes/pinhead/anim/pinhead.sprite.defend.skel
heroes/pinhead/anim/pinhead.sprite.heroic.atlas
heroes/pinhead/anim/pinhead.sprite.heroic.skel
heroes/pinhead/anim/pinhead.sprite.idle.atlas
heroes/pinhead/anim/pinhead.sprite.idle.skel
heroes/pinhead/anim/pinhead.sprite.investigate.atlas
heroes/pinhead/anim/pinhead.sprite.investigate.skel
heroes/pinhead/anim/pinhead.sprite.walk.atlas
heroes/pinhead/anim/pinhead.sprite.walk.skel
heroes/pinhead/fx/pinhead.sprite.abyssal_artillery.atlas
heroes/pinhead/fx/pinhead.sprite.abyssal_artillery.png
heroes/pinhead/fx/pinhead.sprite.abyssal_artillery.skel
heroes/pinhead/fx/pinhead.sprite.abyssal_artillery_target.atlas
heroes/pinhead/fx/pinhead.sprite.abyssal_artillery_target.png
heroes/pinhead/fx/pinhead.sprite.abyssal_artillery_target.skel
heroes/pinhead/fx/pinhead.sprite.battlefield_bandage_target.atlas
heroes/pinhead/fx/pinhead.sprite.battlefield_bandage_target.png
heroes/pinhead/fx/pinhead.sprite.battlefield_bandage_target.skel
heroes/pinhead/fx/pinhead.sprite.bloodlet.atlas
heroes/pinhead/fx/pinhead.sprite.bloodlet.png
heroes/pinhead/fx/pinhead.sprite.bloodlet.skel
heroes/pinhead/fx/pinhead.sprite.daemons_pull_target.atlas
heroes/pinhead/fx/pinhead.sprite.daemons_pull_target.png
heroes/pinhead/fx/pinhead.sprite.daemons_pull_target.skel
heroes/pinhead/fx/pinhead.sprite.disruptive_curse_target.atlas
heroes/pinhead/fx/pinhead.sprite.disruptive_curse_target.png
heroes/pinhead/fx/pinhead.sprite.disruptive_curse_target.skel
heroes/pinhead/fx/pinhead.sprite.hands_from_abyss_target.atlas
heroes/pinhead/fx/pinhead.sprite.hands_from_abyss_target.png
heroes/pinhead/fx/pinhead.sprite.hands_from_abyss_target.skel
heroes/pinhead/fx/pinhead.sprite.judgement_target.atlas
heroes/pinhead/fx/pinhead.sprite.judgement_target.png
heroes/pinhead/fx/pinhead.sprite.judgement_target.skel
heroes/pinhead/fx/pinhead.sprite.sniper_shot.atlas
heroes/pinhead/fx/pinhead.sprite.sniper_shot.png
heroes/pinhead/fx/pinhead.sprite.sniper_shot.skel
heroes/pinhead/fx/pinhead.sprite.spearing.atlas
heroes/pinhead/fx/pinhead.sprite.spearing.png
heroes/pinhead/fx/pinhead.sprite.spearing.skel
heroes/pinhead/fx/pinhead.sprite.spearing_target.atlas
heroes/pinhead/fx/pinhead.sprite.spearing_target.png
heroes/pinhead/fx/pinhead.sprite.spearing_target.skel
heroes/pinhead/fx/pinhead.sprite.weakening_curse.atlas
heroes/pinhead/fx/pinhead.sprite.weakening_curse.png
heroes/pinhead/fx/pinhead.sprite.weakening_curse.skel
heroes/pinhead/fx/pinhead.sprite.weakening_curse_target.atlas
heroes/pinhead/fx/pinhead.sprite.weakening_curse_target.png
heroes/pinhead/fx/pinhead.sprite.weakening_curse_target.skel
heroes/pinhead/fx/pinhead.sprite.wyrd_reconstruction.atlas
heroes/pinhead/fx/pinhead.sprite.wyrd_reconstruction.png
heroes/pinhead/fx/pinhead.sprite.wyrd_reconstruction.skel
heroes/pinhead/fx/pinhead.sprite.wyrd_reconstruction_target.atlas
heroes/pinhead/fx/pinhead.sprite.wyrd_reconstruction_target.png
heroes/pinhead/fx/pinhead.sprite.wyrd_reconstruction_target.skel
heroes/pinhead/icons_equip/eqp_armour_0.png
heroes/pinhead/icons_equip/eqp_armour_1.png
heroes/pinhead/icons_equip/eqp_armour_2.png
heroes/pinhead/icons_equip/eqp_armour_3.png
heroes/pinhead/icons_equip/eqp_armour_4.png
heroes/pinhead/icons_equip/eqp_weapon_0.png
heroes/pinhead/icons_equip/eqp_weapon_1.png
heroes/pinhead/icons_equip/eqp_weapon_2.png
heroes/pinhead/icons_equip/eqp_weapon_3.png
heroes/pinhead/icons_equip/eqp_weapon_4.png
heroes/pinhead/pinhead_A/pinhead_portrait_roster.png
raid/camping/skill_icons/camp_skill_sleeping_puzzle.png
audio/secondary_banks/pinhead.bank
campaign/town_events/pinhead_events.event.json
heroes/pinhead/pinhead.ability.five.png
heroes/pinhead/pinhead.ability.four.png
heroes/pinhead/pinhead.ability.one.png
heroes/pinhead/pinhead.ability.seven.png
heroes/pinhead/pinhead.ability.six.png
heroes/pinhead/pinhead.ability.three.png
heroes/pinhead/pinhead.ability.two.png
heroes/pinhead/pinhead.art.darkest
heroes/pinhead/pinhead.info.darkest
heroes/pinhead/pinhead_guild_header.png
raid/camping/pinhead.camping_skills.json
shared/buffs/pinhead.buffs.json
upgrades/heroes/pinhead.upgrades.json
audio/pinhead.campaign.guid_overrides.json
audio/pinhead.campaign.load_order.json
colours/pinhead.colours.darkest
effects/pinhead.effects.darkest
localization/2081733351_english.loc
localization/2081733351_koreana.loc
localization/SDL2.dll
localization/fmod.dll
localization/fmodstudio.dll
localization/glew32.dll
localization/localization.exe
localization/pinhead.string_table.xml
localization/steam_api.dll
localization/strings.txt
Readme.md
modfiles.txt
preview_icon.png
project.xml
sample_project.xml

Submitting..............................................................................................................................................................................................................................................................................................................Submitted.
Saving project file D:\pinhead\sample_project.xml

